<?xml version="1.0" encoding="UTF-8"?>
<!-- Generated by org.testng.reporters.JUnitXMLReporter -->
<testsuite hostname="LAPTOP-F9EC64LI" ignored="0" name="Default test" tests="4" failures="0" timestamp="2021-08-31T15:12:59 CST" time="4.22" errors="0">
  <testcase name="getAllEmployess" time="2.501" classname="api.test.GetEmployeesInformationTest"/>
  <testcase name="printEmployeeInformation" time="0.883" classname="api.test.GetEmployeesInformationTest"/>
  <testcase name="printEmployeeInformation" time="0.264" classname="api.test.GetEmployeesInformationTest"/>
  <testcase name="printEmployeeInformation" time="0.517" classname="api.test.GetEmployeesInformationTest"/>
</testsuite> <!-- Default test -->
